c:\users\jonat\bureau\project-jonathan\project_good\studysearch\studysearch\x64\release\moc\moc_studysearch.cpp
c:\users\jonat\bureau\project-jonathan\project_good\studysearch\studysearch\x64\release\moc\moc_xlsxdocument.cpp
c:\users\jonat\bureau\project-jonathan\project_good\studysearch\studysearch\x64\release\rcc\qrc_studysearch.cpp
c:\users\jonat\bureau\project-jonathan\project_good\studysearch\studysearch\x64\release\uic\ui_studysearch.h
c:\users\jonat\bureau\project-jonathan\project_good\studysearch\studysearch\x64\release\province.obj
c:\users\jonat\bureau\project-jonathan\project_good\studysearch\studysearch\x64\release\school.obj
c:\users\jonat\bureau\project-jonathan\project_good\studysearch\studysearch\x64\release\xlsxabstractooxmlfile.obj
c:\users\jonat\bureau\project-jonathan\project_good\studysearch\studysearch\x64\release\xlsxabstractsheet.obj
c:\users\jonat\bureau\project-jonathan\project_good\studysearch\studysearch\x64\release\xlsxcell.obj
c:\users\jonat\bureau\project-jonathan\project_good\studysearch\studysearch\x64\release\xlsxcellformula.obj
c:\users\jonat\bureau\project-jonathan\project_good\studysearch\studysearch\x64\release\xlsxcelllocation.obj
c:\users\jonat\bureau\project-jonathan\project_good\studysearch\studysearch\x64\release\xlsxcellrange.obj
c:\users\jonat\bureau\project-jonathan\project_good\studysearch\studysearch\x64\release\xlsxcellreference.obj
c:\users\jonat\bureau\project-jonathan\project_good\studysearch\studysearch\x64\release\xlsxchart.obj
c:\users\jonat\bureau\project-jonathan\project_good\studysearch\studysearch\x64\release\xlsxchartsheet.obj
c:\users\jonat\bureau\project-jonathan\project_good\studysearch\studysearch\x64\release\xlsxcolor.obj
c:\users\jonat\bureau\project-jonathan\project_good\studysearch\studysearch\x64\release\xlsxconditionalformatting.obj
c:\users\jonat\bureau\project-jonathan\project_good\studysearch\studysearch\x64\release\xlsxcontenttypes.obj
c:\users\jonat\bureau\project-jonathan\project_good\studysearch\studysearch\x64\release\xlsxdatavalidation.obj
c:\users\jonat\bureau\project-jonathan\project_good\studysearch\studysearch\x64\release\xlsxdatetype.obj
c:\users\jonat\bureau\project-jonathan\project_good\studysearch\studysearch\x64\release\xlsxdocpropsapp.obj
c:\users\jonat\bureau\project-jonathan\project_good\studysearch\studysearch\x64\release\xlsxdocpropscore.obj
c:\users\jonat\bureau\project-jonathan\project_good\studysearch\studysearch\x64\release\xlsxdocument.obj
c:\users\jonat\bureau\project-jonathan\project_good\studysearch\studysearch\x64\release\xlsxdrawing.obj
c:\users\jonat\bureau\project-jonathan\project_good\studysearch\studysearch\x64\release\xlsxdrawinganchor.obj
c:\users\jonat\bureau\project-jonathan\project_good\studysearch\studysearch\x64\release\xlsxformat.obj
c:\users\jonat\bureau\project-jonathan\project_good\studysearch\studysearch\x64\release\xlsxmediafile.obj
c:\users\jonat\bureau\project-jonathan\project_good\studysearch\studysearch\x64\release\xlsxnumformatparser.obj
c:\users\jonat\bureau\project-jonathan\project_good\studysearch\studysearch\x64\release\xlsxrelationships.obj
c:\users\jonat\bureau\project-jonathan\project_good\studysearch\studysearch\x64\release\xlsxrichstring.obj
c:\users\jonat\bureau\project-jonathan\project_good\studysearch\studysearch\x64\release\xlsxsharedstrings.obj
c:\users\jonat\bureau\project-jonathan\project_good\studysearch\studysearch\x64\release\xlsxsimpleooxmlfile.obj
c:\users\jonat\bureau\project-jonathan\project_good\studysearch\studysearch\x64\release\xlsxstyles.obj
c:\users\jonat\bureau\project-jonathan\project_good\studysearch\studysearch\x64\release\xlsxtheme.obj
c:\users\jonat\bureau\project-jonathan\project_good\studysearch\studysearch\x64\release\xlsxutility.obj
c:\users\jonat\bureau\project-jonathan\project_good\studysearch\studysearch\x64\release\xlsxworkbook.obj
c:\users\jonat\bureau\project-jonathan\project_good\studysearch\studysearch\x64\release\xlsxworksheet.obj
c:\users\jonat\bureau\project-jonathan\project_good\studysearch\studysearch\x64\release\xlsxzipreader.obj
c:\users\jonat\bureau\project-jonathan\project_good\studysearch\studysearch\x64\release\xlsxzipwriter.obj
c:\users\jonat\bureau\project-jonathan\project_good\studysearch\studysearch\x64\release\studysearch.tlog\cl.command.1.tlog
c:\users\jonat\bureau\project-jonathan\project_good\studysearch\studysearch\x64\release\studysearch.tlog\moc.read.1u.tlog
c:\users\jonat\bureau\project-jonathan\project_good\studysearch\studysearch\x64\release\studysearch.tlog\moc.write.1u.tlog
c:\users\jonat\bureau\project-jonathan\project_good\studysearch\studysearch\x64\release\studysearch.tlog\rcc.read.1u.tlog
c:\users\jonat\bureau\project-jonathan\project_good\studysearch\studysearch\x64\release\studysearch.tlog\rcc.write.1u.tlog
c:\users\jonat\bureau\project-jonathan\project_good\studysearch\studysearch\x64\release\studysearch.tlog\studysearch.write.1u.tlog
c:\users\jonat\bureau\project-jonathan\project_good\studysearch\studysearch\x64\release\studysearch.tlog\uic.read.1u.tlog
c:\users\jonat\bureau\project-jonathan\project_good\studysearch\studysearch\x64\release\studysearch.tlog\uic.write.1u.tlog
